// 重构日志: 0859af1b
// 重构日志: 6696dd0f
// 重构日志: 2e48fbf0
// 同步 ID: ceb5fd51 @ Wed Jul  1 18:36:55 UTC 2026
// 重构日志: 47f0a7d2
// 重构日志: 20dc989a
// 重构日志: 1c5cc947
// 同步 ID: 8d65f415 @ Sun Jul  5 18:29:36 UTC 2026
// 重构日志: 2f8c23ff
// 重构日志: c1195807
// 同步 ID: 8471cf8e @ Sat Jul 11 06:29:53 UTC 2026
// 重构日志: aade90f5
// 同步 ID: 69a0f5bc @ Sun Jul 12 11:47:00 UTC 2026
// 重构日志: a69869a0
// 重构日志: 97581af1
// 重构日志: 2dd37332
// 重构日志: 4bd6ba57
// 重构日志: 7e14f36e
// 重构日志: ff0e8d8c
// 同步 ID: 8a18d257 @ Thu Jul 16 06:39:39 UTC 2026
// 重构日志: 43cb8a31
// 重构日志: 5963e07c
